2013/06/15 22:51:36 [error] [exception.CHttpException.404] exception 'CHttpException' with message 'Unable to resolve the request "saludo/index".' in /var/www/yii/framework/web/CWebApplication.php:286
Stack trace:
#0 /var/www/yii/framework/web/CWebApplication.php(141): CWebApplication->runController('saludo/index')
#1 /var/www/yii/framework/base/CApplication.php(169): CWebApplication->processRequest()
#2 /var/www/Sipla/index.php(13): CApplication->run()
#3 {main}
REQUEST_URI=/Sipla/saludo/index.html
---
2013/06/15 22:56:01 [error] [exception.CException] exception 'CException' with message 'SaludoController cannot find the requested view "index".' in /var/www/yii/framework/web/CController.php:878
Stack trace:
#0 /var/www/yii/framework/web/CController.php(782): CController->renderPartial('index', Array, true)
#1 /var/www/Sipla/protected/controllers/SaludoController.php(6): CController->render('index', Array)
#2 /var/www/yii/framework/web/actions/CInlineAction.php(49): SaludoController->actionIndex()
#3 /var/www/yii/framework/web/CController.php(308): CInlineAction->runWithParams(Array)
#4 /var/www/yii/framework/web/CController.php(286): CController->runAction(Object(CInlineAction))
#5 /var/www/yii/framework/web/CController.php(265): CController->runActionWithFilters(Object(CInlineAction), Array)
#6 /var/www/yii/framework/web/CWebApplication.php(282): CController->run('index')
#7 /var/www/yii/framework/web/CWebApplication.php(141): CWebApplication->runController('saludo/index')
#8 /var/www/yii/framework/base/CApplication.php(169): CWebApplication->processRequest()
#9 /var/www/Sipla/index.php(13): CApplication->run()
#10 {main}
REQUEST_URI=/Sipla/saludo/index.html
---
2013/06/15 22:59:48 [error] [php] Undefined variable: saludo (/var/www/Sipla/protected/controllers/SaludoController.php:6)
Stack trace:
#0 /var/www/yii/framework/web/CController.php(286): SaludoController->runAction()
#1 /var/www/yii/framework/web/CController.php(265): SaludoController->runActionWithFilters()
#2 /var/www/yii/framework/web/CWebApplication.php(282): SaludoController->run()
#3 /var/www/yii/framework/web/CWebApplication.php(141): CWebApplication->runController()
#4 /var/www/yii/framework/base/CApplication.php(169): CWebApplication->processRequest()
#5 /var/www/Sipla/index.php(13): CWebApplication->run()
REQUEST_URI=/Sipla/saludo/index.html
in /var/www/Sipla/protected/controllers/SaludoController.php (6)
in /var/www/Sipla/index.php (13)
2013/06/15 23:01:42 [error] [exception.CHttpException.404] exception 'CHttpException' with message 'The system is unable to find the requested action "contact".' in /var/www/yii/framework/web/CController.php:483
Stack trace:
#0 /var/www/yii/framework/web/CController.php(270): CController->missingAction('contact')
#1 /var/www/yii/framework/web/CWebApplication.php(282): CController->run('contact')
#2 /var/www/yii/framework/web/CWebApplication.php(141): CWebApplication->runController('saludo/contact')
#3 /var/www/yii/framework/base/CApplication.php(169): CWebApplication->processRequest()
#4 /var/www/Sipla/index.php(13): CApplication->run()
#5 {main}
REQUEST_URI=/Sipla/saludo/contact.html
---
2013/06/16 10:02:47 [error] [exception.CHttpException.404] exception 'CHttpException' with message 'Unable to resolve the request "sola/index".' in /var/www/yii/framework/web/CWebApplication.php:286
Stack trace:
#0 /var/www/yii/framework/web/CWebApplication.php(141): CWebApplication->runController('sola/index')
#1 /var/www/yii/framework/base/CApplication.php(169): CWebApplication->processRequest()
#2 /var/www/Sipla/index.php(13): CApplication->run()
#3 {main}
REQUEST_URI=/Sipla/sola/index.jsp
---
2013/06/16 10:57:18 [error] [exception.CHttpException.404] exception 'CHttpException' with message 'No es posible resolver la solicitud "usuarios/administrar"' in /var/www/yii/framework/web/CWebApplication.php:286
Stack trace:
#0 /var/www/yii/framework/web/CWebApplication.php(141): CWebApplication->runController('usuarios/admini...')
#1 /var/www/yii/framework/base/CApplication.php(169): CWebApplication->processRequest()
#2 /var/www/Sipla/index.php(13): CApplication->run()
#3 {main}
REQUEST_URI=/Sipla/usuarios/administrar.jsp
HTTP_REFERER=http://localhost/Sipla/saludo/index.jsp
---
2013/06/16 10:57:20 [error] [exception.CHttpException.404] exception 'CHttpException' with message 'No es posible resolver la solicitud "usuarios/administrar"' in /var/www/yii/framework/web/CWebApplication.php:286
Stack trace:
#0 /var/www/yii/framework/web/CWebApplication.php(141): CWebApplication->runController('usuarios/admini...')
#1 /var/www/yii/framework/base/CApplication.php(169): CWebApplication->processRequest()
#2 /var/www/Sipla/index.php(13): CApplication->run()
#3 {main}
REQUEST_URI=/Sipla/usuarios/administrar.jsp
HTTP_REFERER=http://localhost/Sipla/saludo/index.jsp
---
2013/06/16 10:57:30 [error] [exception.CHttpException.404] exception 'CHttpException' with message 'No es posible resolver la solicitud "usuarios/administrar"' in /var/www/yii/framework/web/CWebApplication.php:286
Stack trace:
#0 /var/www/yii/framework/web/CWebApplication.php(141): CWebApplication->runController('usuarios/admini...')
#1 /var/www/yii/framework/base/CApplication.php(169): CWebApplication->processRequest()
#2 /var/www/Sipla/index.php(13): CApplication->run()
#3 {main}
REQUEST_URI=/Sipla/usuarios/administrar.jsp
HTTP_REFERER=http://localhost/Sipla/site/login.jsp
---
2013/06/16 14:28:07 [error] [exception.CHttpException.404] exception 'CHttpException' with message 'No es posible resolver la solicitud "usuarios/administrar"' in /var/www/yii/framework/web/CWebApplication.php:286
Stack trace:
#0 /var/www/yii/framework/web/CWebApplication.php(141): CWebApplication->runController('usuarios/admini...')
#1 /var/www/yii/framework/base/CApplication.php(169): CWebApplication->processRequest()
#2 /var/www/Sipla/index.php(13): CApplication->run()
#3 {main}
REQUEST_URI=/Sipla/usuarios/administrar.jsp
HTTP_REFERER=http://localhost/Sipla/tareas/index
---
2013/06/16 14:28:13 [error] [exception.CHttpException.404] exception 'CHttpException' with message 'No es posible resolver la solicitud "usuarios/administrar"' in /var/www/yii/framework/web/CWebApplication.php:286
Stack trace:
#0 /var/www/yii/framework/web/CWebApplication.php(141): CWebApplication->runController('usuarios/admini...')
#1 /var/www/yii/framework/base/CApplication.php(169): CWebApplication->processRequest()
#2 /var/www/Sipla/index.php(13): CApplication->run()
#3 {main}
REQUEST_URI=/Sipla/usuarios/administrar.jsp
HTTP_REFERER=http://localhost/Sipla/usuarios/administrar.jsp
---
2013/06/16 14:45:10 [error] [exception.CHttpException.404] exception 'CHttpException' with message 'El sistema no ha podido encontrar la acción "administrar" solicitada.' in /var/www/yii/framework/web/CController.php:483
Stack trace:
#0 /var/www/yii/framework/web/CController.php(270): CController->missingAction('administrar')
#1 /var/www/yii/framework/web/CWebApplication.php(282): CController->run('administrar')
#2 /var/www/yii/framework/web/CWebApplication.php(141): CWebApplication->runController('usuarios/admini...')
#3 /var/www/yii/framework/base/CApplication.php(169): CWebApplication->processRequest()
#4 /var/www/Sipla/index.php(13): CApplication->run()
#5 {main}
REQUEST_URI=/Sipla/usuarios/administrar.jsp
HTTP_REFERER=http://localhost/Sipla/usuarios/administrar.jsp
---
2013/06/16 15:52:52 [error] [exception.CHttpException.404] exception 'CHttpException' with message 'No es posible resolver la solicitud "usuarios/index"' in /var/www/yii/framework/web/CWebApplication.php:286
Stack trace:
#0 /var/www/yii/framework/web/CWebApplication.php(141): CWebApplication->runController('usuarios/index')
#1 /var/www/yii/framework/base/CApplication.php(169): CWebApplication->processRequest()
#2 /var/www/Sipla/index.php(13): CApplication->run()
#3 {main}
REQUEST_URI=/Sipla/usuarios/index.jsp
HTTP_REFERER=http://localhost/Sipla/site/contact.jsp
---
2013/06/16 15:55:23 [error] [php] Undefined variable: usuarios (/var/www/Sipla/protected/views/funcionario/index.php:12)
Stack trace:
#0 /var/www/yii/framework/web/CController.php(869): FuncionarioController->renderFile()
#1 /var/www/yii/framework/web/CController.php(782): FuncionarioController->renderPartial()
#2 /var/www/Sipla/protected/controllers/FuncionarioController.php(8): FuncionarioController->render()
#3 /var/www/yii/framework/web/actions/CInlineAction.php(49): FuncionarioController->actionIndex()
#4 /var/www/yii/framework/web/CController.php(308): CInlineAction->runWithParams()
#5 /var/www/yii/framework/web/CController.php(286): FuncionarioController->runAction()
#6 /var/www/yii/framework/web/CController.php(265): FuncionarioController->runActionWithFilters()
#7 /var/www/yii/framework/web/CWebApplication.php(282): FuncionarioController->run()
#8 /var/www/yii/framework/web/CWebApplication.php(141): CWebApplication->runController()
#9 /var/www/yii/framework/base/CApplication.php(169): CWebApplication->processRequest()
#10 /var/www/Sipla/index.php(13): CWebApplication->run()
REQUEST_URI=/Sipla/funcionario/index.jsp
in /var/www/Sipla/protected/views/funcionario/index.php (12)
in /var/www/Sipla/protected/controllers/FuncionarioController.php (8)
in /var/www/Sipla/index.php (13)
2013/06/16 15:57:50 [error] [php] Undefined variable: funcionario (/var/www/Sipla/protected/views/funcionario/index.php:12)
Stack trace:
#0 /var/www/yii/framework/web/CController.php(869): FuncionarioController->renderFile()
#1 /var/www/yii/framework/web/CController.php(782): FuncionarioController->renderPartial()
#2 /var/www/Sipla/protected/controllers/FuncionarioController.php(8): FuncionarioController->render()
#3 /var/www/yii/framework/web/actions/CInlineAction.php(49): FuncionarioController->actionIndex()
#4 /var/www/yii/framework/web/CController.php(308): CInlineAction->runWithParams()
#5 /var/www/yii/framework/web/CController.php(286): FuncionarioController->runAction()
#6 /var/www/yii/framework/web/CController.php(265): FuncionarioController->runActionWithFilters()
#7 /var/www/yii/framework/web/CWebApplication.php(282): FuncionarioController->run()
#8 /var/www/yii/framework/web/CWebApplication.php(141): CWebApplication->runController()
#9 /var/www/yii/framework/base/CApplication.php(169): CWebApplication->processRequest()
#10 /var/www/Sipla/index.php(13): CWebApplication->run()
REQUEST_URI=/Sipla/funcionario/index.jsp
in /var/www/Sipla/protected/views/funcionario/index.php (12)
in /var/www/Sipla/protected/controllers/FuncionarioController.php (8)
in /var/www/Sipla/index.php (13)
2013/06/16 15:59:30 [error] [php] Undefined variable: funcionario (/var/www/Sipla/protected/views/funcionario/index.php:12)
Stack trace:
#0 /var/www/yii/framework/web/CController.php(869): FuncionarioController->renderFile()
#1 /var/www/yii/framework/web/CController.php(782): FuncionarioController->renderPartial()
#2 /var/www/Sipla/protected/controllers/FuncionarioController.php(8): FuncionarioController->render()
#3 /var/www/yii/framework/web/actions/CInlineAction.php(49): FuncionarioController->actionIndex()
#4 /var/www/yii/framework/web/CController.php(308): CInlineAction->runWithParams()
#5 /var/www/yii/framework/web/CController.php(286): FuncionarioController->runAction()
#6 /var/www/yii/framework/web/CController.php(265): FuncionarioController->runActionWithFilters()
#7 /var/www/yii/framework/web/CWebApplication.php(282): FuncionarioController->run()
#8 /var/www/yii/framework/web/CWebApplication.php(141): CWebApplication->runController()
#9 /var/www/yii/framework/base/CApplication.php(169): CWebApplication->processRequest()
#10 /var/www/Sipla/index.php(13): CWebApplication->run()
REQUEST_URI=/Sipla/funcionario/index.jsp
in /var/www/Sipla/protected/views/funcionario/index.php (12)
in /var/www/Sipla/protected/controllers/FuncionarioController.php (8)
in /var/www/Sipla/index.php (13)
2013/06/16 16:00:14 [error] [php] Undefined variable: funcionario (/var/www/Sipla/protected/views/funcionario/index.php:12)
Stack trace:
#0 /var/www/yii/framework/web/CController.php(869): FuncionarioController->renderFile()
#1 /var/www/yii/framework/web/CController.php(782): FuncionarioController->renderPartial()
#2 /var/www/Sipla/protected/controllers/FuncionarioController.php(8): FuncionarioController->render()
#3 /var/www/yii/framework/web/actions/CInlineAction.php(49): FuncionarioController->actionIndex()
#4 /var/www/yii/framework/web/CController.php(308): CInlineAction->runWithParams()
#5 /var/www/yii/framework/web/CController.php(286): FuncionarioController->runAction()
#6 /var/www/yii/framework/web/CController.php(265): FuncionarioController->runActionWithFilters()
#7 /var/www/yii/framework/web/CWebApplication.php(282): FuncionarioController->run()
#8 /var/www/yii/framework/web/CWebApplication.php(141): CWebApplication->runController()
#9 /var/www/yii/framework/base/CApplication.php(169): CWebApplication->processRequest()
#10 /var/www/Sipla/index.php(13): CWebApplication->run()
REQUEST_URI=/Sipla/funcionario/index.jsp
in /var/www/Sipla/protected/views/funcionario/index.php (12)
in /var/www/Sipla/protected/controllers/FuncionarioController.php (8)
in /var/www/Sipla/index.php (13)
2013/06/16 16:00:14 [error] [php] Undefined variable: funcionario (/var/www/Sipla/protected/views/funcionario/index.php:12)
Stack trace:
#0 /var/www/yii/framework/web/CController.php(869): FuncionarioController->renderFile()
#1 /var/www/yii/framework/web/CController.php(782): FuncionarioController->renderPartial()
#2 /var/www/Sipla/protected/controllers/FuncionarioController.php(8): FuncionarioController->render()
#3 /var/www/yii/framework/web/actions/CInlineAction.php(49): FuncionarioController->actionIndex()
#4 /var/www/yii/framework/web/CController.php(308): CInlineAction->runWithParams()
#5 /var/www/yii/framework/web/CController.php(286): FuncionarioController->runAction()
#6 /var/www/yii/framework/web/CController.php(265): FuncionarioController->runActionWithFilters()
#7 /var/www/yii/framework/web/CWebApplication.php(282): FuncionarioController->run()
#8 /var/www/yii/framework/web/CWebApplication.php(141): CWebApplication->runController()
#9 /var/www/yii/framework/base/CApplication.php(169): CWebApplication->processRequest()
#10 /var/www/Sipla/index.php(13): CWebApplication->run()
REQUEST_URI=/Sipla/funcionario/index.jsp
in /var/www/Sipla/protected/views/funcionario/index.php (12)
in /var/www/Sipla/protected/controllers/FuncionarioController.php (8)
in /var/www/Sipla/index.php (13)
2013/06/16 18:31:01 [error] [php] Use of undefined constant className - assumed 'className' (/var/www/Sipla/protected/models/Funcionario.php:5)
Stack trace:
#0 /var/www/yii/framework/web/CController.php(308): CInlineAction->runWithParams()
#1 /var/www/yii/framework/web/CController.php(286): FuncionarioController->runAction()
#2 /var/www/yii/framework/web/CController.php(265): FuncionarioController->runActionWithFilters()
#3 /var/www/yii/framework/web/CWebApplication.php(282): FuncionarioController->run()
#4 /var/www/yii/framework/web/CWebApplication.php(141): CWebApplication->runController()
#5 /var/www/yii/framework/base/CApplication.php(169): CWebApplication->processRequest()
#6 /var/www/Sipla/index.php(13): CWebApplication->run()
REQUEST_URI=/Sipla/funcionario/index.jsp
in /var/www/Sipla/protected/models/Funcionario.php (5)
in /var/www/Sipla/protected/controllers/FuncionarioController.php (6)
in /var/www/Sipla/index.php (13)
2013/06/16 18:38:30 [error] [php] Use of undefined constant funcionario - assumed 'funcionario' (/var/www/Sipla/protected/models/Funcionario.php:4)
Stack trace:
#0 /var/www/yii/framework/web/CController.php(308): CInlineAction->runWithParams()
#1 /var/www/yii/framework/web/CController.php(286): FuncionarioController->runAction()
#2 /var/www/yii/framework/web/CController.php(265): FuncionarioController->runActionWithFilters()
#3 /var/www/yii/framework/web/CWebApplication.php(282): FuncionarioController->run()
#4 /var/www/yii/framework/web/CWebApplication.php(141): CWebApplication->runController()
#5 /var/www/yii/framework/base/CApplication.php(169): CWebApplication->processRequest()
#6 /var/www/Sipla/index.php(13): CWebApplication->run()
REQUEST_URI=/Sipla/funcionario/index.jsp
in /var/www/Sipla/protected/models/Funcionario.php (4)
in /var/www/Sipla/protected/controllers/FuncionarioController.php (6)
in /var/www/Sipla/index.php (13)
2013/06/16 18:38:31 [error] [php] Use of undefined constant funcionario - assumed 'funcionario' (/var/www/Sipla/protected/models/Funcionario.php:4)
Stack trace:
#0 /var/www/yii/framework/web/CController.php(308): CInlineAction->runWithParams()
#1 /var/www/yii/framework/web/CController.php(286): FuncionarioController->runAction()
#2 /var/www/yii/framework/web/CController.php(265): FuncionarioController->runActionWithFilters()
#3 /var/www/yii/framework/web/CWebApplication.php(282): FuncionarioController->run()
#4 /var/www/yii/framework/web/CWebApplication.php(141): CWebApplication->runController()
#5 /var/www/yii/framework/base/CApplication.php(169): CWebApplication->processRequest()
#6 /var/www/Sipla/index.php(13): CWebApplication->run()
REQUEST_URI=/Sipla/funcionario/index.jsp
in /var/www/Sipla/protected/models/Funcionario.php (4)
in /var/www/Sipla/protected/controllers/FuncionarioController.php (6)
in /var/www/Sipla/index.php (13)
2013/06/16 18:38:31 [error] [php] Use of undefined constant funcionario - assumed 'funcionario' (/var/www/Sipla/protected/models/Funcionario.php:4)
Stack trace:
#0 /var/www/yii/framework/web/CController.php(308): CInlineAction->runWithParams()
#1 /var/www/yii/framework/web/CController.php(286): FuncionarioController->runAction()
#2 /var/www/yii/framework/web/CController.php(265): FuncionarioController->runActionWithFilters()
#3 /var/www/yii/framework/web/CWebApplication.php(282): FuncionarioController->run()
#4 /var/www/yii/framework/web/CWebApplication.php(141): CWebApplication->runController()
#5 /var/www/yii/framework/base/CApplication.php(169): CWebApplication->processRequest()
#6 /var/www/Sipla/index.php(13): CWebApplication->run()
REQUEST_URI=/Sipla/funcionario/index.jsp
in /var/www/Sipla/protected/models/Funcionario.php (4)
in /var/www/Sipla/protected/controllers/FuncionarioController.php (6)
in /var/www/Sipla/index.php (13)
2013/06/16 18:38:31 [error] [php] Use of undefined constant funcionario - assumed 'funcionario' (/var/www/Sipla/protected/models/Funcionario.php:4)
Stack trace:
#0 /var/www/yii/framework/web/CController.php(308): CInlineAction->runWithParams()
#1 /var/www/yii/framework/web/CController.php(286): FuncionarioController->runAction()
#2 /var/www/yii/framework/web/CController.php(265): FuncionarioController->runActionWithFilters()
#3 /var/www/yii/framework/web/CWebApplication.php(282): FuncionarioController->run()
#4 /var/www/yii/framework/web/CWebApplication.php(141): CWebApplication->runController()
#5 /var/www/yii/framework/base/CApplication.php(169): CWebApplication->processRequest()
#6 /var/www/Sipla/index.php(13): CWebApplication->run()
REQUEST_URI=/Sipla/funcionario/index.jsp
in /var/www/Sipla/protected/models/Funcionario.php (4)
in /var/www/Sipla/protected/controllers/FuncionarioController.php (6)
in /var/www/Sipla/index.php (13)
2013/06/16 18:38:31 [error] [php] Use of undefined constant funcionario - assumed 'funcionario' (/var/www/Sipla/protected/models/Funcionario.php:4)
Stack trace:
#0 /var/www/yii/framework/web/CController.php(308): CInlineAction->runWithParams()
#1 /var/www/yii/framework/web/CController.php(286): FuncionarioController->runAction()
#2 /var/www/yii/framework/web/CController.php(265): FuncionarioController->runActionWithFilters()
#3 /var/www/yii/framework/web/CWebApplication.php(282): FuncionarioController->run()
#4 /var/www/yii/framework/web/CWebApplication.php(141): CWebApplication->runController()
#5 /var/www/yii/framework/base/CApplication.php(169): CWebApplication->processRequest()
#6 /var/www/Sipla/index.php(13): CWebApplication->run()
REQUEST_URI=/Sipla/funcionario/index.jsp
in /var/www/Sipla/protected/models/Funcionario.php (4)
in /var/www/Sipla/protected/controllers/FuncionarioController.php (6)
in /var/www/Sipla/index.php (13)
2013/06/16 18:39:12 [error] [exception.CDbException] exception 'CDbException' with message 'La tabla "Funcionario" definida en la clase active record "Funcionario" no se ha podido encontrar en la base de datos.' in /var/www/yii/framework/db/ar/CActiveRecord.php:2310
Stack trace:
#0 /var/www/yii/framework/db/ar/CActiveRecord.php(387): CActiveRecordMetaData->__construct(Object(Funcionario))
#1 /var/www/Sipla/protected/models/Funcionario.php(5): CActiveRecord::model('Funcionario')
#2 /var/www/Sipla/protected/controllers/FuncionarioController.php(6): Funcionario::model()
#3 /var/www/yii/framework/web/actions/CInlineAction.php(49): FuncionarioController->actionIndex()
#4 /var/www/yii/framework/web/CController.php(308): CInlineAction->runWithParams(Array)
#5 /var/www/yii/framework/web/CController.php(286): CController->runAction(Object(CInlineAction))
#6 /var/www/yii/framework/web/CController.php(265): CController->runActionWithFilters(Object(CInlineAction), Array)
#7 /var/www/yii/framework/web/CWebApplication.php(282): CController->run('index')
#8 /var/www/yii/framework/web/CWebApplication.php(141): CWebApplication->runController('funcionario/ind...')
#9 /var/www/yii/framework/base/CApplication.php(169): CWebApplication->processRequest()
#10 /var/www/Sipla/index.php(13): CApplication->run()
#11 {main}
REQUEST_URI=/Sipla/funcionario/index.jsp
HTTP_REFERER=http://localhost/Sipla/site/index.jsp
---
2013/06/16 18:39:15 [error] [exception.CDbException] exception 'CDbException' with message 'La tabla "Funcionario" definida en la clase active record "Funcionario" no se ha podido encontrar en la base de datos.' in /var/www/yii/framework/db/ar/CActiveRecord.php:2310
Stack trace:
#0 /var/www/yii/framework/db/ar/CActiveRecord.php(387): CActiveRecordMetaData->__construct(Object(Funcionario))
#1 /var/www/Sipla/protected/models/Funcionario.php(5): CActiveRecord::model('Funcionario')
#2 /var/www/Sipla/protected/controllers/FuncionarioController.php(6): Funcionario::model()
#3 /var/www/yii/framework/web/actions/CInlineAction.php(49): FuncionarioController->actionIndex()
#4 /var/www/yii/framework/web/CController.php(308): CInlineAction->runWithParams(Array)
#5 /var/www/yii/framework/web/CController.php(286): CController->runAction(Object(CInlineAction))
#6 /var/www/yii/framework/web/CController.php(265): CController->runActionWithFilters(Object(CInlineAction), Array)
#7 /var/www/yii/framework/web/CWebApplication.php(282): CController->run('index')
#8 /var/www/yii/framework/web/CWebApplication.php(141): CWebApplication->runController('funcionario/ind...')
#9 /var/www/yii/framework/base/CApplication.php(169): CWebApplication->processRequest()
#10 /var/www/Sipla/index.php(13): CApplication->run()
#11 {main}
REQUEST_URI=/Sipla/funcionario/index.jsp
HTTP_REFERER=http://localhost/Sipla/site/index.jsp
---
2013/06/16 18:39:15 [error] [exception.CDbException] exception 'CDbException' with message 'La tabla "Funcionario" definida en la clase active record "Funcionario" no se ha podido encontrar en la base de datos.' in /var/www/yii/framework/db/ar/CActiveRecord.php:2310
Stack trace:
#0 /var/www/yii/framework/db/ar/CActiveRecord.php(387): CActiveRecordMetaData->__construct(Object(Funcionario))
#1 /var/www/Sipla/protected/models/Funcionario.php(5): CActiveRecord::model('Funcionario')
#2 /var/www/Sipla/protected/controllers/FuncionarioController.php(6): Funcionario::model()
#3 /var/www/yii/framework/web/actions/CInlineAction.php(49): FuncionarioController->actionIndex()
#4 /var/www/yii/framework/web/CController.php(308): CInlineAction->runWithParams(Array)
#5 /var/www/yii/framework/web/CController.php(286): CController->runAction(Object(CInlineAction))
#6 /var/www/yii/framework/web/CController.php(265): CController->runActionWithFilters(Object(CInlineAction), Array)
#7 /var/www/yii/framework/web/CWebApplication.php(282): CController->run('index')
#8 /var/www/yii/framework/web/CWebApplication.php(141): CWebApplication->runController('funcionario/ind...')
#9 /var/www/yii/framework/base/CApplication.php(169): CWebApplication->processRequest()
#10 /var/www/Sipla/index.php(13): CApplication->run()
#11 {main}
REQUEST_URI=/Sipla/funcionario/index.jsp
HTTP_REFERER=http://localhost/Sipla/site/index.jsp
---
2013/06/16 18:39:16 [error] [exception.CDbException] exception 'CDbException' with message 'La tabla "Funcionario" definida en la clase active record "Funcionario" no se ha podido encontrar en la base de datos.' in /var/www/yii/framework/db/ar/CActiveRecord.php:2310
Stack trace:
#0 /var/www/yii/framework/db/ar/CActiveRecord.php(387): CActiveRecordMetaData->__construct(Object(Funcionario))
#1 /var/www/Sipla/protected/models/Funcionario.php(5): CActiveRecord::model('Funcionario')
#2 /var/www/Sipla/protected/controllers/FuncionarioController.php(6): Funcionario::model()
#3 /var/www/yii/framework/web/actions/CInlineAction.php(49): FuncionarioController->actionIndex()
#4 /var/www/yii/framework/web/CController.php(308): CInlineAction->runWithParams(Array)
#5 /var/www/yii/framework/web/CController.php(286): CController->runAction(Object(CInlineAction))
#6 /var/www/yii/framework/web/CController.php(265): CController->runActionWithFilters(Object(CInlineAction), Array)
#7 /var/www/yii/framework/web/CWebApplication.php(282): CController->run('index')
#8 /var/www/yii/framework/web/CWebApplication.php(141): CWebApplication->runController('funcionario/ind...')
#9 /var/www/yii/framework/base/CApplication.php(169): CWebApplication->processRequest()
#10 /var/www/Sipla/index.php(13): CApplication->run()
#11 {main}
REQUEST_URI=/Sipla/funcionario/index.jsp
HTTP_REFERER=http://localhost/Sipla/site/index.jsp
---
2013/06/16 18:40:10 [error] [php] Use of undefined constant funcionario - assumed 'funcionario' (/var/www/Sipla/protected/models/Funcionario.php:4)
Stack trace:
#0 /var/www/yii/framework/web/CController.php(308): CInlineAction->runWithParams()
#1 /var/www/yii/framework/web/CController.php(286): FuncionarioController->runAction()
#2 /var/www/yii/framework/web/CController.php(265): FuncionarioController->runActionWithFilters()
#3 /var/www/yii/framework/web/CWebApplication.php(282): FuncionarioController->run()
#4 /var/www/yii/framework/web/CWebApplication.php(141): CWebApplication->runController()
#5 /var/www/yii/framework/base/CApplication.php(169): CWebApplication->processRequest()
#6 /var/www/Sipla/index.php(13): CWebApplication->run()
REQUEST_URI=/Sipla/funcionario/index.jsp
in /var/www/Sipla/protected/models/Funcionario.php (4)
in /var/www/Sipla/protected/controllers/FuncionarioController.php (6)
in /var/www/Sipla/index.php (13)
2013/06/16 18:40:12 [error] [php] Use of undefined constant funcionario - assumed 'funcionario' (/var/www/Sipla/protected/models/Funcionario.php:4)
Stack trace:
#0 /var/www/yii/framework/web/CController.php(308): CInlineAction->runWithParams()
#1 /var/www/yii/framework/web/CController.php(286): FuncionarioController->runAction()
#2 /var/www/yii/framework/web/CController.php(265): FuncionarioController->runActionWithFilters()
#3 /var/www/yii/framework/web/CWebApplication.php(282): FuncionarioController->run()
#4 /var/www/yii/framework/web/CWebApplication.php(141): CWebApplication->runController()
#5 /var/www/yii/framework/base/CApplication.php(169): CWebApplication->processRequest()
#6 /var/www/Sipla/index.php(13): CWebApplication->run()
REQUEST_URI=/Sipla/funcionario/index.jsp
in /var/www/Sipla/protected/models/Funcionario.php (4)
in /var/www/Sipla/protected/controllers/FuncionarioController.php (6)
in /var/www/Sipla/index.php (13)
2013/06/16 18:40:12 [error] [php] Use of undefined constant funcionario - assumed 'funcionario' (/var/www/Sipla/protected/models/Funcionario.php:4)
Stack trace:
#0 /var/www/yii/framework/web/CController.php(308): CInlineAction->runWithParams()
#1 /var/www/yii/framework/web/CController.php(286): FuncionarioController->runAction()
#2 /var/www/yii/framework/web/CController.php(265): FuncionarioController->runActionWithFilters()
#3 /var/www/yii/framework/web/CWebApplication.php(282): FuncionarioController->run()
#4 /var/www/yii/framework/web/CWebApplication.php(141): CWebApplication->runController()
#5 /var/www/yii/framework/base/CApplication.php(169): CWebApplication->processRequest()
#6 /var/www/Sipla/index.php(13): CWebApplication->run()
REQUEST_URI=/Sipla/funcionario/index.jsp
in /var/www/Sipla/protected/models/Funcionario.php (4)
in /var/www/Sipla/protected/controllers/FuncionarioController.php (6)
in /var/www/Sipla/index.php (13)
2013/06/16 18:49:14 [error] [exception.CHttpException.404] exception 'CHttpException' with message 'El sistema no ha podido encontrar la acción "view" solicitada.' in /var/www/yii/framework/web/CController.php:483
Stack trace:
#0 /var/www/yii/framework/web/CController.php(270): CController->missingAction('view')
#1 /var/www/yii/framework/web/CWebApplication.php(282): CController->run('view')
#2 /var/www/yii/framework/web/CWebApplication.php(141): CWebApplication->runController('funcionario/vie...')
#3 /var/www/yii/framework/base/CApplication.php(169): CWebApplication->processRequest()
#4 /var/www/Sipla/index.php(13): CApplication->run()
#5 {main}
REQUEST_URI=/Sipla/funcionario/view.jsp?nu_funcionario=123
HTTP_REFERER=http://localhost/Sipla/funcionario/index.jsp
---
2013/06/16 18:49:19 [error] [exception.CHttpException.404] exception 'CHttpException' with message 'El sistema no ha podido encontrar la acción "view" solicitada.' in /var/www/yii/framework/web/CController.php:483
Stack trace:
#0 /var/www/yii/framework/web/CController.php(270): CController->missingAction('view')
#1 /var/www/yii/framework/web/CWebApplication.php(282): CController->run('view')
#2 /var/www/yii/framework/web/CWebApplication.php(141): CWebApplication->runController('funcionario/vie...')
#3 /var/www/yii/framework/base/CApplication.php(169): CWebApplication->processRequest()
#4 /var/www/Sipla/index.php(13): CApplication->run()
#5 {main}
REQUEST_URI=/Sipla/funcionario/view.jsp?nu_funcionario=321
HTTP_REFERER=http://localhost/Sipla/funcionario/index.jsp
---
2013/06/16 19:47:51 [error] [exception.CException] exception 'CException' with message 'FuncionarioController no ha podido encontrar la vista "view" solicitada.' in /var/www/yii/framework/web/CController.php:878
Stack trace:
#0 /var/www/yii/framework/web/CController.php(782): CController->renderPartial('view', Array, true)
#1 /var/www/Sipla/protected/controllers/FuncionarioController.php(11): CController->render('view', Array)
#2 [internal function]: FuncionarioController->actionView('123')
#3 /var/www/yii/framework/web/actions/CAction.php(108): ReflectionMethod->invokeArgs(Object(FuncionarioController), Array)
#4 /var/www/yii/framework/web/actions/CInlineAction.php(47): CAction->runWithParamsInternal(Object(FuncionarioController), Object(ReflectionMethod), Array)
#5 /var/www/yii/framework/web/CController.php(308): CInlineAction->runWithParams(Array)
#6 /var/www/yii/framework/web/CController.php(286): CController->runAction(Object(CInlineAction))
#7 /var/www/yii/framework/web/CController.php(265): CController->runActionWithFilters(Object(CInlineAction), Array)
#8 /var/www/yii/framework/web/CWebApplication.php(282): CController->run('view')
#9 /var/www/yii/framework/web/CWebApplication.php(141): CWebApplication->runController('funcionario/vie...')
#10 /var/www/yii/framework/base/CApplication.php(169): CWebApplication->processRequest()
#11 /var/www/Sipla/index.php(13): CApplication->run()
#12 {main}
REQUEST_URI=/Sipla/funcionario/view.jsp?nu_funcionario=123
HTTP_REFERER=http://localhost/Sipla/funcionario/index.jsp
---
2013/06/16 19:48:56 [error] [exception.CException] exception 'CException' with message 'FuncionarioController no ha podido encontrar la vista "view" solicitada.' in /var/www/yii/framework/web/CController.php:878
Stack trace:
#0 /var/www/yii/framework/web/CController.php(782): CController->renderPartial('view', Array, true)
#1 /var/www/Sipla/protected/controllers/FuncionarioController.php(11): CController->render('view', Array)
#2 [internal function]: FuncionarioController->actionView('123')
#3 /var/www/yii/framework/web/actions/CAction.php(108): ReflectionMethod->invokeArgs(Object(FuncionarioController), Array)
#4 /var/www/yii/framework/web/actions/CInlineAction.php(47): CAction->runWithParamsInternal(Object(FuncionarioController), Object(ReflectionMethod), Array)
#5 /var/www/yii/framework/web/CController.php(308): CInlineAction->runWithParams(Array)
#6 /var/www/yii/framework/web/CController.php(286): CController->runAction(Object(CInlineAction))
#7 /var/www/yii/framework/web/CController.php(265): CController->runActionWithFilters(Object(CInlineAction), Array)
#8 /var/www/yii/framework/web/CWebApplication.php(282): CController->run('view')
#9 /var/www/yii/framework/web/CWebApplication.php(141): CWebApplication->runController('funcionario/vie...')
#10 /var/www/yii/framework/base/CApplication.php(169): CWebApplication->processRequest()
#11 /var/www/Sipla/index.php(13): CApplication->run()
#12 {main}
REQUEST_URI=/Sipla/funcionario/view.jsp?nu_funcionario=123
HTTP_REFERER=http://localhost/Sipla/funcionario/index.jsp
---
